Performing C SOURCE FILE Test CMAKE_HAVE_LIBC_PTHREAD failed with the following output:
Change Dir: /home/seaeagle/CLionProjects/Lab1/cmake-build-debug/CMakeFiles/CMakeTmp

Run Build Command(s):/usr/bin/make -f Makefile cmTC_cc968/fast && /usr/bin/make  -f CMakeFiles/cmTC_cc968.dir/build.make CMakeFiles/cmTC_cc968.dir/build
make[1]: вход в каталог «/home/seaeagle/CLionProjects/Lab1/cmake-build-debug/CMakeFiles/CMakeTmp»
Building C object CMakeFiles/cmTC_cc968.dir/src.c.o
/usr/bin/cc -DCMAKE_HAVE_LIBC_PTHREAD   -o CMakeFiles/cmTC_cc968.dir/src.c.o -c /home/seaeagle/CLionProjects/Lab1/cmake-build-debug/CMakeFiles/CMakeTmp/src.c
Linking C executable cmTC_cc968
/home/seaeagle/.local/share/JetBrains/Toolbox/apps/CLion/ch-0/212.5080.54/bin/cmake/linux/bin/cmake -E cmake_link_script CMakeFiles/cmTC_cc968.dir/link.txt --verbose=1
/usr/bin/cc -rdynamic CMakeFiles/cmTC_cc968.dir/src.c.o -o cmTC_cc968 
/usr/bin/ld: CMakeFiles/cmTC_cc968.dir/src.c.o: в функции «main»:
src.c:(.text+0x3e): неопределённая ссылка на «pthread_create»
/usr/bin/ld: src.c:(.text+0x4a): неопределённая ссылка на «pthread_detach»
/usr/bin/ld: src.c:(.text+0x56): неопределённая ссылка на «pthread_cancel»
/usr/bin/ld: src.c:(.text+0x67): неопределённая ссылка на «pthread_join»
collect2: ошибка: выполнение ld завершилось с кодом возврата 1
make[1]: *** [CMakeFiles/cmTC_cc968.dir/build.make:99: cmTC_cc968] Ошибка 1
make[1]: выход из каталога «/home/seaeagle/CLionProjects/Lab1/cmake-build-debug/CMakeFiles/CMakeTmp»
make: *** [Makefile:127: cmTC_cc968/fast] Ошибка 2


Source file was:
#include <pthread.h>

static void* test_func(void* data)
{
  return data;
}

int main(void)
{
  pthread_t thread;
  pthread_create(&thread, NULL, test_func, NULL);
  pthread_detach(thread);
  pthread_cancel(thread);
  pthread_join(thread, NULL);
  pthread_atfork(NULL, NULL, NULL);
  pthread_exit(NULL);

  return 0;
}

Determining if the function pthread_create exists in the pthreads failed with the following output:
Change Dir: /home/seaeagle/CLionProjects/Lab1/cmake-build-debug/CMakeFiles/CMakeTmp

Run Build Command(s):/usr/bin/make -f Makefile cmTC_19045/fast && /usr/bin/make  -f CMakeFiles/cmTC_19045.dir/build.make CMakeFiles/cmTC_19045.dir/build
make[1]: вход в каталог «/home/seaeagle/CLionProjects/Lab1/cmake-build-debug/CMakeFiles/CMakeTmp»
Building C object CMakeFiles/cmTC_19045.dir/CheckFunctionExists.c.o
/usr/bin/cc   -DCHECK_FUNCTION_EXISTS=pthread_create -o CMakeFiles/cmTC_19045.dir/CheckFunctionExists.c.o -c /home/seaeagle/.local/share/JetBrains/Toolbox/apps/CLion/ch-0/212.5080.54/bin/cmake/linux/share/cmake-3.20/Modules/CheckFunctionExists.c
Linking C executable cmTC_19045
/home/seaeagle/.local/share/JetBrains/Toolbox/apps/CLion/ch-0/212.5080.54/bin/cmake/linux/bin/cmake -E cmake_link_script CMakeFiles/cmTC_19045.dir/link.txt --verbose=1
/usr/bin/cc  -DCHECK_FUNCTION_EXISTS=pthread_create -rdynamic CMakeFiles/cmTC_19045.dir/CheckFunctionExists.c.o -o cmTC_19045  -lpthreads 
/usr/bin/ld: невозможно найти -lpthreads
collect2: ошибка: выполнение ld завершилось с кодом возврата 1
make[1]: *** [CMakeFiles/cmTC_19045.dir/build.make:99: cmTC_19045] Ошибка 1
make[1]: выход из каталога «/home/seaeagle/CLionProjects/Lab1/cmake-build-debug/CMakeFiles/CMakeTmp»
make: *** [Makefile:127: cmTC_19045/fast] Ошибка 2



